Build started 8/25/2016 9:18:55 PM.
     1>Project "C:\Users\Richard\OneDrive\Spring 2015\CECS 282\Project3\Project3\Project3.vcxproj" on node 2 (Build target(s)).
     1>ClCompile:
         C:\Program Files (x86)\Microsoft Visual Studio 12.0\VC\bin\CL.exe /c /ZI /nologo /W3 /WX- /sdl /Od /Oy- /D WIN32 /D _DEBUG /D _CONSOLE /D _LIB /D _UNICODE /D UNICODE /Gm /EHsc /RTC1 /MDd /GS /fp:precise /Zc:wchar_t /Zc:forScope /Fo"Debug\\" /Fd"Debug\vc120.pdb" /Gd /TP /analyze- /errorReport:prompt OthelloBoard.cpp TicTacToeBoard.cpp TicTacToeMove.cpp TicTacToeView.cpp main.cpp
         main.cpp
     1>c:\users\richard\onedrive\spring 2015\cecs 282\project3\project3\main.cpp(82): warning C4101: 'e' : unreferenced local variable
         TicTacToeView.cpp
         TicTacToeMove.cpp
         TicTacToeBoard.cpp
     1>c:\users\richard\onedrive\spring 2015\cecs 282\project3\project3\tictactoeboard.cpp(5): warning C4351: new behavior: elements of array 'TicTacToeBoard::mBoard' will be default initialized
         OthelloBoard.cpp
     1>c:\users\richard\onedrive\spring 2015\cecs 282\project3\project3\othelloboard.cpp(8): warning C4351: new behavior: elements of array 'OthelloBoard::mBoard' will be default initialized
         Generating Code...
       Link:
         C:\Program Files (x86)\Microsoft Visual Studio 12.0\VC\bin\link.exe /ERRORREPORT:PROMPT /OUT:"C:\Users\Richard\OneDrive\Spring 2015\CECS 282\Project3\Debug\Project3.exe" /INCREMENTAL /NOLOGO kernel32.lib user32.lib gdi32.lib winspool.lib comdlg32.lib advapi32.lib shell32.lib ole32.lib oleaut32.lib uuid.lib odbc32.lib odbccp32.lib /MANIFEST /MANIFESTUAC:"level='asInvoker' uiAccess='false'" /manifest:embed /DEBUG /PDB:"C:\Users\Richard\OneDrive\Spring 2015\CECS 282\Project3\Debug\Project3.pdb" /SUBSYSTEM:CONSOLE /TLBID:1 /DYNAMICBASE /NXCOMPAT /IMPLIB:"C:\Users\Richard\OneDrive\Spring 2015\CECS 282\Project3\Debug\Project3.lib" /MACHINE:X86 Debug\main.obj
         Debug\OthelloBoard.obj
         Debug\OthelloMove.obj
         Debug\OthelloView.obj
         Debug\TicTacToeBoard.obj
         Debug\TicTacToeMove.obj
         Debug\TicTacToeView.obj
         LINK : C:\Users\Richard\OneDrive\Spring 2015\CECS 282\Project3\Debug\Project3.exe not found or not built by the last incremental link; performing full link
         Project3.vcxproj -> C:\Users\Richard\OneDrive\Spring 2015\CECS 282\Project3\Debug\Project3.exe
     1>Done Building Project "C:\Users\Richard\OneDrive\Spring 2015\CECS 282\Project3\Project3\Project3.vcxproj" (Build target(s)).

Build succeeded.

Time Elapsed 00:00:03.30
